<?xml version="1.0" encoding="UTF-8"?>
<!-- Generated by org.testng.reporters.JUnitXMLReporter -->
<testsuite hostname="Johnny-PC" ignored="1" name="Default test" tests="1" failures="0" timestamp="09 Oct 2018 07:44:40 GMT" time="111.947" errors="0">
  <testcase name="unitDataDrivenTest" time="111.86" classname="testSuites.TestSuites"/>
  <testcase name="runUserChoice" time="0.0" classname="testSuites.TestSuites">
    <ignored/>
  </testcase> <!-- runUserChoice -->
</testsuite> <!-- Default test -->
