<?xml version="1.0" encoding="UTF-8"?>
<testng-results skipped="0" failed="0" ignored="0" total="1" passed="1">
  <reporter-output>
  </reporter-output>
  <suite name="Default suite" duration-ms="81072" started-at="2018-11-09T10:13:05Z" finished-at="2018-11-09T10:14:26Z">
    <groups>
    </groups>
    <test name="Default test" duration-ms="81072" started-at="2018-11-09T10:13:05Z" finished-at="2018-11-09T10:14:26Z">
      <class name="testSuites.TestSuites">
        <test-method status="PASS" signature="runUserChoice()[pri:0, instance:testSuites.TestSuites@2e07dc23]" name="runUserChoice" duration-ms="80929" started-at="2018-11-09T10:13:05Z" finished-at="2018-11-09T10:14:26Z">
          <reporter-output>
          </reporter-output>
        </test-method> <!-- runUserChoice -->
      </class> <!-- testSuites.TestSuites -->
    </test> <!-- Default test -->
  </suite> <!-- Default suite -->
</testng-results>
