<?xml version="1.0" encoding="UTF-8"?>
<!-- Generated by org.testng.reporters.JUnitXMLReporter -->
<testsuite hostname="Johnny-PC" ignored="7" name="Default test" tests="1" failures="0" timestamp="15 Nov 2018 09:01:56 GMT" time="340.888" errors="0">
  <testcase name="studentDataDrivenTestSuite" time="340.846" classname="testSuites.TestSuites"/>
  <testcase name="unitSuite6" time="0.0" classname="testSuites.TestSuites">
    <ignored/>
  </testcase> <!-- unitSuite6 -->
  <testcase name="runUserChoice" time="0.0" classname="testSuites.TestSuites">
    <ignored/>
  </testcase> <!-- runUserChoice -->
  <testcase name="unitSuite4" time="0.0" classname="testSuites.TestSuites">
    <ignored/>
  </testcase> <!-- unitSuite4 -->
  <testcase name="unitSuite2" time="0.0" classname="testSuites.TestSuites">
    <ignored/>
  </testcase> <!-- unitSuite2 -->
  <testcase name="unitSuite" time="0.0" classname="testSuites.TestSuites">
    <ignored/>
  </testcase> <!-- unitSuite -->
  <testcase name="unitSuite5" time="0.0" classname="testSuites.TestSuites">
    <ignored/>
  </testcase> <!-- unitSuite5 -->
  <testcase name="unitSuite3" time="0.0" classname="testSuites.TestSuites">
    <ignored/>
  </testcase> <!-- unitSuite3 -->
</testsuite> <!-- Default test -->
