<?xml version="1.0" encoding="UTF-8"?>
<!-- Generated by org.testng.reporters.JUnitXMLReporter -->
<testsuite hostname="Johnny-PC" ignored="22" name="Default test" tests="2" failures="0" timestamp="17 Dec 2018 10:13:58 GMT" time="41.455" errors="0">
  <testcase name="ts_LoginToClient" time="29.807" classname="testSuites.TestSuites"/>
  <testcase name="ts_LoginToClient" time="11.497" classname="testSuites.TestSuites"/>
  <testcase name="ts_stloginPageFactory" time="0.0" classname="testSuites.TestSuites">
    <ignored/>
  </testcase> <!-- ts_stloginPageFactory -->
  <testcase name="ts_SubmitExam" time="0.0" classname="testSuites.TestSuites">
    <ignored/>
  </testcase> <!-- ts_SubmitExam -->
  <testcase name="ts_SetExamPattern" time="0.0" classname="testSuites.TestSuites">
    <ignored/>
  </testcase> <!-- ts_SetExamPattern -->
  <testcase name="runUserChoice" time="0.0" classname="testSuites.TestSuites">
    <ignored/>
  </testcase> <!-- runUserChoice -->
  <testcase name="adminDataDrivenTestSuite" time="0.0" classname="testSuites.TestSuites">
    <ignored/>
  </testcase> <!-- adminDataDrivenTestSuite -->
  <testcase name="ts_ExamQuestionPaper" time="0.0" classname="testSuites.TestSuites">
    <ignored/>
  </testcase> <!-- ts_ExamQuestionPaper -->
  <testcase name="ts_accessRoles" time="0.0" classname="testSuites.TestSuites">
    <ignored/>
  </testcase> <!-- ts_accessRoles -->
  <testcase name="unitSuite2" time="0.0" classname="testSuites.TestSuites">
    <ignored/>
  </testcase> <!-- unitSuite2 -->
  <testcase name="unitSuite5" time="0.0" classname="testSuites.TestSuites">
    <ignored/>
  </testcase> <!-- unitSuite5 -->
  <testcase name="ts_UploadLogo" time="0.0" classname="testSuites.TestSuites">
    <ignored/>
  </testcase> <!-- ts_UploadLogo -->
  <testcase name="unitSuite3" time="0.0" classname="testSuites.TestSuites">
    <ignored/>
  </testcase> <!-- unitSuite3 -->
  <testcase name="ts_UpdateKey" time="0.0" classname="testSuites.TestSuites">
    <ignored/>
  </testcase> <!-- ts_UpdateKey -->
  <testcase name="unitSuite6" time="0.0" classname="testSuites.TestSuites">
    <ignored/>
  </testcase> <!-- unitSuite6 -->
  <testcase name="ts_UsersLogData" time="0.0" classname="testSuites.TestSuites">
    <ignored/>
  </testcase> <!-- ts_UsersLogData -->
  <testcase name="ts_AddContactDetails" time="0.0" classname="testSuites.TestSuites">
    <ignored/>
  </testcase> <!-- ts_AddContactDetails -->
  <testcase name="ts_ResultsCalculation" time="0.0" classname="testSuites.TestSuites">
    <ignored/>
  </testcase> <!-- ts_ResultsCalculation -->
  <testcase name="unitSuite4" time="0.0" classname="testSuites.TestSuites">
    <ignored/>
  </testcase> <!-- unitSuite4 -->
  <testcase name="ts_UploadCarousel" time="0.0" classname="testSuites.TestSuites">
    <ignored/>
  </testcase> <!-- ts_UploadCarousel -->
  <testcase name="ts_addadmin" time="0.0" classname="testSuites.TestSuites">
    <ignored/>
  </testcase> <!-- ts_addadmin -->
  <testcase name="studentDataDrivenTestSuite" time="0.0" classname="testSuites.TestSuites">
    <ignored/>
  </testcase> <!-- studentDataDrivenTestSuite -->
  <testcase name="unitSuite" time="0.0" classname="testSuites.TestSuites">
    <ignored/>
  </testcase> <!-- unitSuite -->
  <testcase name="ts_StudentExamStatus" time="0.0" classname="testSuites.TestSuites">
    <ignored/>
  </testcase> <!-- ts_StudentExamStatus -->
</testsuite> <!-- Default test -->
