<?xml version="1.0" encoding="UTF-8"?>
<testng-results skipped="0" failed="0" ignored="2" total="3" passed="1">
  <reporter-output>
  </reporter-output>
  <suite name="Default suite" duration-ms="56706" started-at="2018-10-09T08:23:53Z" finished-at="2018-10-09T08:24:49Z">
    <groups>
    </groups>
    <test name="Default test" duration-ms="56706" started-at="2018-10-09T08:23:53Z" finished-at="2018-10-09T08:24:49Z">
      <class name="testSuites.UnitSuites">
        <test-method status="PASS" signature="unitPnr()[pri:0, instance:testSuites.UnitSuites@73f6ffb1]" name="unitPnr" duration-ms="56591" started-at="2018-10-09T08:23:53Z" finished-at="2018-10-09T08:24:49Z">
          <reporter-output>
          </reporter-output>
        </test-method> <!-- unitPnr -->
      </class> <!-- testSuites.UnitSuites -->
    </test> <!-- Default test -->
  </suite> <!-- Default suite -->
</testng-results>
