<?xml version="1.0" encoding="UTF-8"?>
<!-- Generated by org.testng.reporters.JUnitXMLReporter -->
<testsuite hostname="Johnny-PC" ignored="2" name="Default test" tests="1" failures="0" timestamp="09 Oct 2018 08:24:50 GMT" time="56.706" errors="0">
  <testcase name="unitPnr" time="56.591" classname="testSuites.UnitSuites"/>
  <testcase name="unitLogin" time="0.0" classname="testSuites.UnitSuites">
    <ignored/>
  </testcase> <!-- unitLogin -->
  <testcase name="unitSearchTrain" time="0.0" classname="testSuites.UnitSuites">
    <ignored/>
  </testcase> <!-- unitSearchTrain -->
</testsuite> <!-- Default test -->
