<?xml version="1.0" encoding="UTF-8"?>
<testng-results skipped="0" failed="0" ignored="1" total="2" passed="1">
  <reporter-output>
  </reporter-output>
  <suite name="Default suite" duration-ms="111947" started-at="2018-10-09T07:42:48Z" finished-at="2018-10-09T07:44:40Z">
    <groups>
    </groups>
    <test name="Default test" duration-ms="111947" started-at="2018-10-09T07:42:48Z" finished-at="2018-10-09T07:44:40Z">
      <class name="testSuites.TestSuites">
        <test-method status="PASS" signature="unitDataDrivenTest()[pri:0, instance:testSuites.TestSuites@68b4e7b5]" name="unitDataDrivenTest" duration-ms="111860" started-at="2018-10-09T07:42:48Z" finished-at="2018-10-09T07:44:40Z">
          <reporter-output>
          </reporter-output>
        </test-method> <!-- unitDataDrivenTest -->
      </class> <!-- testSuites.TestSuites -->
    </test> <!-- Default test -->
  </suite> <!-- Default suite -->
</testng-results>
