<?xml version="1.0" encoding="UTF-8"?>
<testng-results skipped="0" failed="0" ignored="0" total="1" passed="1">
  <reporter-output>
  </reporter-output>
  <suite name="Default suite" duration-ms="53632" started-at="2018-10-04T08:51:02Z" finished-at="2018-10-04T08:51:56Z">
    <groups>
    </groups>
    <test name="Default test" duration-ms="53632" started-at="2018-10-04T08:51:02Z" finished-at="2018-10-04T08:51:56Z">
      <class name="testSuites.TestSuites">
        <test-method status="PASS" signature="runUserChoice()[pri:0, instance:testSuites.TestSuites@616ac46a]" name="runUserChoice" duration-ms="53597" started-at="2018-10-04T08:51:02Z" finished-at="2018-10-04T08:51:56Z">
          <reporter-output>
          </reporter-output>
        </test-method> <!-- runUserChoice -->
      </class> <!-- testSuites.TestSuites -->
    </test> <!-- Default test -->
  </suite> <!-- Default suite -->
</testng-results>
